
Data transferred on: 2024-02-11
<_io.BufferedReader name='/home/linux1/WCSIBM/python/data-trans/output/stu_data.txt'>
File transferred successfully.
<_io.BufferedReader name='/home/linux1/WCSIBM/python/data-trans/output/prof_data.txt'>
File transferred successfully.
<_io.BufferedReader name='/home/linux1/WCSIBM/python/data-trans/output/course_data.txt'>
File transferred successfully.
<_io.BufferedReader name='/home/linux1/WCSIBM/python/data-trans/output/enrollment_data.txt'>
File transferred successfully.
<_io.BufferedReader name='/home/linux1/WCSIBM/python/data-trans/output/grade_data.txt'>
File transferred successfully.
<_io.BufferedReader name='/home/linux1/WCSIBM/python/data-trans/output/lab_data.txt'>
File transferred successfully.
<_io.BufferedReader name='/home/linux1/WCSIBM/python/data-trans/output/labenrollment_data.txt'>
File transferred successfully.
<_io.BufferedReader name='/home/linux1/WCSIBM/python/data-trans/output/lecenrollment_data.txt'>
File transferred successfully.
<_io.BufferedReader name='/home/linux1/WCSIBM/python/data-trans/output/lec_data.txt'>
File transferred successfully.
<_io.BufferedReader name='/home/linux1/WCSIBM/python/data-trans/output/location_data.txt'>
File transferred successfully.
<_io.BufferedReader name='/home/linux1/WCSIBM/python/data-trans/output/prereq_data.txt'>
File transferred successfully.
<_io.BufferedReader name='/home/linux1/WCSIBM/python/data-trans/output/prevenroll_data.txt'>
File transferred successfully.
<_io.BufferedReader name='/home/linux1/WCSIBM/python/data-trans/output/progenroll_data.txt'>
File transferred successfully.
<_io.BufferedReader name='/home/linux1/WCSIBM/python/data-trans/output/program_data.txt'>
File transferred successfully.
<_io.BufferedReader name='/home/linux1/WCSIBM/python/data-trans/output/programreq_data.txt'>
File transferred successfully.
<_io.BufferedReader name='/home/linux1/WCSIBM/python/data-trans/output/room_data.txt'>
File transferred successfully.

Data transferred on: 2024-02-20
<_io.BufferedReader name='/home/linux1/WCSIBM/python/data-trans/output/stu_data.txt'>
File transferred successfully.
<_io.BufferedReader name='/home/linux1/WCSIBM/python/data-trans/output/prof_data.txt'>
File transferred successfully.
<_io.BufferedReader name='/home/linux1/WCSIBM/python/data-trans/output/course_data.txt'>
File transferred successfully.
<_io.BufferedReader name='/home/linux1/WCSIBM/python/data-trans/output/enrollment_data.txt'>
File transferred successfully.
<_io.BufferedReader name='/home/linux1/WCSIBM/python/data-trans/output/grade_data.txt'>
File transferred successfully.
<_io.BufferedReader name='/home/linux1/WCSIBM/python/data-trans/output/lab_data.txt'>
File transferred successfully.
<_io.BufferedReader name='/home/linux1/WCSIBM/python/data-trans/output/labenrollment_data.txt'>
File transferred successfully.
<_io.BufferedReader name='/home/linux1/WCSIBM/python/data-trans/output/lecenrollment_data.txt'>
File transferred successfully.
<_io.BufferedReader name='/home/linux1/WCSIBM/python/data-trans/output/lec_data.txt'>
File transferred successfully.
<_io.BufferedReader name='/home/linux1/WCSIBM/python/data-trans/output/location_data.txt'>
File transferred successfully.
<_io.BufferedReader name='/home/linux1/WCSIBM/python/data-trans/output/prereq_data.txt'>
File transferred successfully.
<_io.BufferedReader name='/home/linux1/WCSIBM/python/data-trans/output/prevenroll_data.txt'>
File transferred successfully.
<_io.BufferedReader name='/home/linux1/WCSIBM/python/data-trans/output/progenroll_data.txt'>
File transferred successfully.
<_io.BufferedReader name='/home/linux1/WCSIBM/python/data-trans/output/program_data.txt'>
File transferred successfully.
<_io.BufferedReader name='/home/linux1/WCSIBM/python/data-trans/output/programreq_data.txt'>
File transferred successfully.
<_io.BufferedReader name='/home/linux1/WCSIBM/python/data-trans/output/room_data.txt'>
File transferred successfully.

Data transferred on: 2024-02-22
<_io.BufferedReader name='/home/linux1/WCSIBM/python/data-trans/output/stu_data.txt'>
File transferred successfully.
<_io.BufferedReader name='/home/linux1/WCSIBM/python/data-trans/output/prof_data.txt'>
File transferred successfully.
<_io.BufferedReader name='/home/linux1/WCSIBM/python/data-trans/output/course_data.txt'>
File transferred successfully.
<_io.BufferedReader name='/home/linux1/WCSIBM/python/data-trans/output/enrollment_data.txt'>
File transferred successfully.
<_io.BufferedReader name='/home/linux1/WCSIBM/python/data-trans/output/grade_data.txt'>
File transferred successfully.
<_io.BufferedReader name='/home/linux1/WCSIBM/python/data-trans/output/lab_data.txt'>
File transferred successfully.
<_io.BufferedReader name='/home/linux1/WCSIBM/python/data-trans/output/labenrollment_data.txt'>
File transferred successfully.
<_io.BufferedReader name='/home/linux1/WCSIBM/python/data-trans/output/lecenrollment_data.txt'>
File transferred successfully.
<_io.BufferedReader name='/home/linux1/WCSIBM/python/data-trans/output/lec_data.txt'>
File transferred successfully.
<_io.BufferedReader name='/home/linux1/WCSIBM/python/data-trans/output/location_data.txt'>
File transferred successfully.
<_io.BufferedReader name='/home/linux1/WCSIBM/python/data-trans/output/prereq_data.txt'>
File transferred successfully.
<_io.BufferedReader name='/home/linux1/WCSIBM/python/data-trans/output/prevenroll_data.txt'>
File transferred successfully.
<_io.BufferedReader name='/home/linux1/WCSIBM/python/data-trans/output/progenroll_data.txt'>
File transferred successfully.
<_io.BufferedReader name='/home/linux1/WCSIBM/python/data-trans/output/program_data.txt'>
File transferred successfully.
<_io.BufferedReader name='/home/linux1/WCSIBM/python/data-trans/output/programreq_data.txt'>
File transferred successfully.
<_io.BufferedReader name='/home/linux1/WCSIBM/python/data-trans/output/room_data.txt'>
File transferred successfully.

Data transferred on: 2024-02-24
<_io.BufferedReader name='/home/linux1/WCSIBM/python/data-trans/output/stu_data.txt'>
File transferred successfully.
<_io.BufferedReader name='/home/linux1/WCSIBM/python/data-trans/output/prof_data.txt'>
File transferred successfully.
<_io.BufferedReader name='/home/linux1/WCSIBM/python/data-trans/output/course_data.txt'>
File transferred successfully.
<_io.BufferedReader name='/home/linux1/WCSIBM/python/data-trans/output/enrollment_data.txt'>
File transferred successfully.
<_io.BufferedReader name='/home/linux1/WCSIBM/python/data-trans/output/grade_data.txt'>
File transferred successfully.
<_io.BufferedReader name='/home/linux1/WCSIBM/python/data-trans/output/lab_data.txt'>
File transferred successfully.
<_io.BufferedReader name='/home/linux1/WCSIBM/python/data-trans/output/labenrollment_data.txt'>
File transferred successfully.
<_io.BufferedReader name='/home/linux1/WCSIBM/python/data-trans/output/lecenrollment_data.txt'>
File transferred successfully.
<_io.BufferedReader name='/home/linux1/WCSIBM/python/data-trans/output/lec_data.txt'>
File transferred successfully.
<_io.BufferedReader name='/home/linux1/WCSIBM/python/data-trans/output/location_data.txt'>
File transferred successfully.
<_io.BufferedReader name='/home/linux1/WCSIBM/python/data-trans/output/prereq_data.txt'>
File transferred successfully.
<_io.BufferedReader name='/home/linux1/WCSIBM/python/data-trans/output/prevenroll_data.txt'>
File transferred successfully.
<_io.BufferedReader name='/home/linux1/WCSIBM/python/data-trans/output/progenroll_data.txt'>
File transferred successfully.
<_io.BufferedReader name='/home/linux1/WCSIBM/python/data-trans/output/program_data.txt'>
File transferred successfully.
<_io.BufferedReader name='/home/linux1/WCSIBM/python/data-trans/output/programreq_data.txt'>
File transferred successfully.
<_io.BufferedReader name='/home/linux1/WCSIBM/python/data-trans/output/room_data.txt'>
File transferred successfully.

Data transferred on: 2024-02-26
<_io.BufferedReader name='/home/linux1/WCSIBM/python/data-trans/output/stu_data.txt'>
File transferred successfully.
<_io.BufferedReader name='/home/linux1/WCSIBM/python/data-trans/output/prof_data.txt'>
File transferred successfully.
<_io.BufferedReader name='/home/linux1/WCSIBM/python/data-trans/output/course_data.txt'>
File transferred successfully.
<_io.BufferedReader name='/home/linux1/WCSIBM/python/data-trans/output/enrollment_data.txt'>
File transferred successfully.
<_io.BufferedReader name='/home/linux1/WCSIBM/python/data-trans/output/grade_data.txt'>
File transferred successfully.
<_io.BufferedReader name='/home/linux1/WCSIBM/python/data-trans/output/lab_data.txt'>
File transferred successfully.
<_io.BufferedReader name='/home/linux1/WCSIBM/python/data-trans/output/labenrollment_data.txt'>
File transferred successfully.
<_io.BufferedReader name='/home/linux1/WCSIBM/python/data-trans/output/lecenrollment_data.txt'>
File transferred successfully.
<_io.BufferedReader name='/home/linux1/WCSIBM/python/data-trans/output/lec_data.txt'>
File transferred successfully.
<_io.BufferedReader name='/home/linux1/WCSIBM/python/data-trans/output/location_data.txt'>
File transferred successfully.
<_io.BufferedReader name='/home/linux1/WCSIBM/python/data-trans/output/prereq_data.txt'>
File transferred successfully.
<_io.BufferedReader name='/home/linux1/WCSIBM/python/data-trans/output/prevenroll_data.txt'>
File transferred successfully.
<_io.BufferedReader name='/home/linux1/WCSIBM/python/data-trans/output/progenroll_data.txt'>
File transferred successfully.
<_io.BufferedReader name='/home/linux1/WCSIBM/python/data-trans/output/program_data.txt'>
File transferred successfully.
<_io.BufferedReader name='/home/linux1/WCSIBM/python/data-trans/output/programreq_data.txt'>
File transferred successfully.
<_io.BufferedReader name='/home/linux1/WCSIBM/python/data-trans/output/room_data.txt'>
File transferred successfully.

Data transferred on: 2024-02-28
Traceback (most recent call last):
  File "/home/linux1/WCSIBM/python/data-trans/student-trans.py", line 60, in <module>
    ftp.login(ftp_username, ftp_password)
  File "/usr/lib64/python3.9/ftplib.py", line 414, in login
    resp = self.sendcmd('PASS ' + passwd)
  File "/usr/lib64/python3.9/ftplib.py", line 281, in sendcmd
    return self.getresp()
  File "/usr/lib64/python3.9/ftplib.py", line 254, in getresp
    raise error_perm(resp)
ftplib.error_perm: 530 PASS command failed
Traceback (most recent call last):
  File "/home/linux1/WCSIBM/python/data-trans/proffesor-trans.py", line 57, in <module>
    ftp.login(ftp_username, ftp_password)
  File "/usr/lib64/python3.9/ftplib.py", line 414, in login
    resp = self.sendcmd('PASS ' + passwd)
  File "/usr/lib64/python3.9/ftplib.py", line 281, in sendcmd
    return self.getresp()
  File "/usr/lib64/python3.9/ftplib.py", line 254, in getresp
    raise error_perm(resp)
ftplib.error_perm: 530 PASS command failed
Traceback (most recent call last):
  File "/home/linux1/WCSIBM/python/data-trans/course-trans.py", line 61, in <module>
    ftp.login(ftp_username, ftp_password)
  File "/usr/lib64/python3.9/ftplib.py", line 414, in login
    resp = self.sendcmd('PASS ' + passwd)
  File "/usr/lib64/python3.9/ftplib.py", line 281, in sendcmd
    return self.getresp()
  File "/usr/lib64/python3.9/ftplib.py", line 254, in getresp
    raise error_perm(resp)
ftplib.error_perm: 530 PASS command failed
Traceback (most recent call last):
  File "/home/linux1/WCSIBM/python/data-trans/enrollment-trans.py", line 56, in <module>
    ftp.login(ftp_username, ftp_password)
  File "/usr/lib64/python3.9/ftplib.py", line 414, in login
    resp = self.sendcmd('PASS ' + passwd)
  File "/usr/lib64/python3.9/ftplib.py", line 281, in sendcmd
    return self.getresp()
  File "/usr/lib64/python3.9/ftplib.py", line 254, in getresp
    raise error_perm(resp)
ftplib.error_perm: 530 PASS command failed
Traceback (most recent call last):
  File "/home/linux1/WCSIBM/python/data-trans/grade-trans.py", line 56, in <module>
    ftp.login(ftp_username, ftp_password)
  File "/usr/lib64/python3.9/ftplib.py", line 414, in login
    resp = self.sendcmd('PASS ' + passwd)
  File "/usr/lib64/python3.9/ftplib.py", line 281, in sendcmd
    return self.getresp()
  File "/usr/lib64/python3.9/ftplib.py", line 254, in getresp
    raise error_perm(resp)
ftplib.error_perm: 530 PASS command failed
Traceback (most recent call last):
  File "/home/linux1/WCSIBM/python/data-trans/lab-trans.py", line 62, in <module>
    ftp.login(ftp_username, ftp_password)
  File "/usr/lib64/python3.9/ftplib.py", line 414, in login
    resp = self.sendcmd('PASS ' + passwd)
  File "/usr/lib64/python3.9/ftplib.py", line 281, in sendcmd
    return self.getresp()
  File "/usr/lib64/python3.9/ftplib.py", line 254, in getresp
    raise error_perm(resp)
ftplib.error_perm: 530 PASS command failed
Traceback (most recent call last):
  File "/home/linux1/WCSIBM/python/data-trans/labenroll-trans.py", line 57, in <module>
    ftp.login(ftp_username, ftp_password)
  File "/usr/lib64/python3.9/ftplib.py", line 414, in login
    resp = self.sendcmd('PASS ' + passwd)
  File "/usr/lib64/python3.9/ftplib.py", line 281, in sendcmd
    return self.getresp()
  File "/usr/lib64/python3.9/ftplib.py", line 254, in getresp
    raise error_perm(resp)
ftplib.error_perm: 530 PASS command failed
Traceback (most recent call last):
  File "/home/linux1/WCSIBM/python/data-trans/lecenroll-trans.py", line 57, in <module>
    ftp.login(ftp_username, ftp_password)
  File "/usr/lib64/python3.9/ftplib.py", line 414, in login
    resp = self.sendcmd('PASS ' + passwd)
  File "/usr/lib64/python3.9/ftplib.py", line 281, in sendcmd
    return self.getresp()
  File "/usr/lib64/python3.9/ftplib.py", line 254, in getresp
    raise error_perm(resp)
ftplib.error_perm: 530 PASS command failed
Traceback (most recent call last):
  File "/home/linux1/WCSIBM/python/data-trans/lecture-trans.py", line 62, in <module>
    ftp.login(ftp_username, ftp_password)
  File "/usr/lib64/python3.9/ftplib.py", line 414, in login
    resp = self.sendcmd('PASS ' + passwd)
  File "/usr/lib64/python3.9/ftplib.py", line 281, in sendcmd
    return self.getresp()
  File "/usr/lib64/python3.9/ftplib.py", line 254, in getresp
    raise error_perm(resp)
ftplib.error_perm: 530 PASS command failed
Traceback (most recent call last):
  File "/home/linux1/WCSIBM/python/data-trans/location-trans.py", line 55, in <module>
    ftp.login(ftp_username, ftp_password)
  File "/usr/lib64/python3.9/ftplib.py", line 414, in login
    resp = self.sendcmd('PASS ' + passwd)
  File "/usr/lib64/python3.9/ftplib.py", line 281, in sendcmd
    return self.getresp()
  File "/usr/lib64/python3.9/ftplib.py", line 254, in getresp
    raise error_perm(resp)
ftplib.error_perm: 530 PASS command failed
Traceback (most recent call last):
  File "/home/linux1/WCSIBM/python/data-trans/prerequisite-trans.py", line 55, in <module>
    ftp.login(ftp_username, ftp_password)
  File "/usr/lib64/python3.9/ftplib.py", line 414, in login
    resp = self.sendcmd('PASS ' + passwd)
  File "/usr/lib64/python3.9/ftplib.py", line 281, in sendcmd
    return self.getresp()
  File "/usr/lib64/python3.9/ftplib.py", line 254, in getresp
    raise error_perm(resp)
ftplib.error_perm: 530 PASS command failed
Traceback (most recent call last):
  File "/home/linux1/WCSIBM/python/data-trans/prevenrollment-trans.py", line 56, in <module>
    ftp.login(ftp_username, ftp_password)
  File "/usr/lib64/python3.9/ftplib.py", line 414, in login
    resp = self.sendcmd('PASS ' + passwd)
  File "/usr/lib64/python3.9/ftplib.py", line 281, in sendcmd
    return self.getresp()
  File "/usr/lib64/python3.9/ftplib.py", line 254, in getresp
    raise error_perm(resp)
ftplib.error_perm: 530 PASS command failed
Traceback (most recent call last):
  File "/home/linux1/WCSIBM/python/data-trans/progenroll-trans.py", line 57, in <module>
    ftp.login(ftp_username, ftp_password)
  File "/usr/lib64/python3.9/ftplib.py", line 414, in login
    resp = self.sendcmd('PASS ' + passwd)
  File "/usr/lib64/python3.9/ftplib.py", line 281, in sendcmd
    return self.getresp()
  File "/usr/lib64/python3.9/ftplib.py", line 254, in getresp
    raise error_perm(resp)
ftplib.error_perm: 530 PASS command failed
Traceback (most recent call last):
  File "/home/linux1/WCSIBM/python/data-trans/program-trans.py", line 55, in <module>
    ftp.login(ftp_username, ftp_password)
  File "/usr/lib64/python3.9/ftplib.py", line 414, in login
    resp = self.sendcmd('PASS ' + passwd)
  File "/usr/lib64/python3.9/ftplib.py", line 281, in sendcmd
    return self.getresp()
  File "/usr/lib64/python3.9/ftplib.py", line 254, in getresp
    raise error_perm(resp)
ftplib.error_perm: 530 PASS command failed
Traceback (most recent call last):
  File "/home/linux1/WCSIBM/python/data-trans/programreq-trans.py", line 55, in <module>
    ftp.login(ftp_username, ftp_password)
  File "/usr/lib64/python3.9/ftplib.py", line 414, in login
    resp = self.sendcmd('PASS ' + passwd)
  File "/usr/lib64/python3.9/ftplib.py", line 281, in sendcmd
    return self.getresp()
  File "/usr/lib64/python3.9/ftplib.py", line 254, in getresp
    raise error_perm(resp)
ftplib.error_perm: 530 PASS command failed
Traceback (most recent call last):
  File "/home/linux1/WCSIBM/python/data-trans/room-trans.py", line 58, in <module>
    ftp.login(ftp_username, ftp_password)
  File "/usr/lib64/python3.9/ftplib.py", line 414, in login
    resp = self.sendcmd('PASS ' + passwd)
  File "/usr/lib64/python3.9/ftplib.py", line 281, in sendcmd
    return self.getresp()
  File "/usr/lib64/python3.9/ftplib.py", line 254, in getresp
    raise error_perm(resp)
ftplib.error_perm: 530 PASS command failed
